<?xml version="1.0" encoding="UTF-8"?>
<testsuite name="com.laioffer.travelplanner.ItineraryIntegrationTest" tests="2" skipped="0" failures="0" errors="0" timestamp="2025-08-11T14:24:42.909Z" hostname="bogon" time="0.517">
  <properties/>
  <testcase name="getItinerary_NotFound_ShouldReturn404()" classname="com.laioffer.travelplanner.ItineraryIntegrationTest" time="0.437"/>
  <testcase name="getItinerary_ShouldReturnCorrectDto()" classname="com.laioffer.travelplanner.ItineraryIntegrationTest" time="0.079"/>
  <system-out><![CDATA[22:24:40.088 [Test worker] INFO org.springframework.test.context.support.AnnotationConfigContextLoaderUtils -- Could not detect default configuration classes for test class [com.laioffer.travelplanner.ItineraryIntegrationTest]: ItineraryIntegrationTest does not declare any static, non-private, non-final, nested classes annotated with @Configuration.
22:24:40.153 [Test worker] INFO org.springframework.boot.test.context.SpringBootTestContextBootstrapper -- Found @SpringBootConfiguration com.laioffer.travelplanner.TravelplannerApplication for test class com.laioffer.travelplanner.ItineraryIntegrationTest

  .   ____          _            __ _ _
 /\\ / ___'_ __ _ _(_)_ __  __ _ \ \ \ \
( ( )\___ | '_ | '_| | '_ \/ _` | \ \ \ \
 \\/  ___)| |_)| | | | | || (_| |  ) ) ) )
  '  |____| .__|_| |_|_| |_\__, | / / / /
 =========|_|==============|___/=/_/_/_/

 :: Spring Boot ::                (v3.5.0)

2025-08-11T22:24:40.386+08:00  INFO 54163 --- [travelplanner] [    Test worker] c.l.t.ItineraryIntegrationTest           : Starting ItineraryIntegrationTest using Java 21.0.7 with PID 54163 (started by leohuang in /Users/leohuang/TravelPlanner-team-backend/travelplanner)
2025-08-11T22:24:40.388+08:00  INFO 54163 --- [travelplanner] [    Test worker] c.l.t.ItineraryIntegrationTest           : The following 1 profile is active: "test"
2025-08-11T22:24:40.722+08:00  INFO 54163 --- [travelplanner] [    Test worker] .s.d.r.c.RepositoryConfigurationDelegate : Bootstrapping Spring Data JPA repositories in DEFAULT mode.
2025-08-11T22:24:40.746+08:00  INFO 54163 --- [travelplanner] [    Test worker] .s.d.r.c.RepositoryConfigurationDelegate : Finished Spring Data repository scanning in 19 ms. Found 1 JPA repository interface.
2025-08-11T22:24:40.951+08:00  INFO 54163 --- [travelplanner] [    Test worker] o.hibernate.jpa.internal.util.LogHelper  : HHH000204: Processing PersistenceUnitInfo [name: default]
2025-08-11T22:24:40.980+08:00  INFO 54163 --- [travelplanner] [    Test worker] org.hibernate.Version                    : HHH000412: Hibernate ORM core version 6.6.15.Final
2025-08-11T22:24:40.986+08:00  INFO 54163 --- [travelplanner] [    Test worker] o.h.spatial.integration.SpatialService   : HHH80000001: hibernate-spatial integration enabled : true
2025-08-11T22:24:41.003+08:00  INFO 54163 --- [travelplanner] [    Test worker] o.h.c.internal.RegionFactoryInitiator    : HHH000026: Second-level cache disabled
2025-08-11T22:24:41.070+08:00  INFO 54163 --- [travelplanner] [    Test worker] com.zaxxer.hikari.HikariDataSource       : HikariPool-1 - Starting...
2025-08-11T22:24:41.176+08:00  INFO 54163 --- [travelplanner] [    Test worker] com.zaxxer.hikari.pool.HikariPool        : HikariPool-1 - Added connection org.postgresql.jdbc.PgConnection@722b2728
2025-08-11T22:24:41.177+08:00  INFO 54163 --- [travelplanner] [    Test worker] com.zaxxer.hikari.HikariDataSource       : HikariPool-1 - Start completed.
2025-08-11T22:24:41.199+08:00  WARN 54163 --- [travelplanner] [    Test worker] org.hibernate.orm.deprecation            : HHH90000025: PostgreSQLDialect does not need to be specified explicitly using 'hibernate.dialect' (remove the property setting and it will be selected by default)
2025-08-11T22:24:41.208+08:00  INFO 54163 --- [travelplanner] [    Test worker] org.hibernate.orm.connections.pooling    : HHH10001005: Database info:
	Database JDBC URL [Connecting through datasource 'HikariDataSource (HikariPool-1)']
	Database driver: undefined/unknown
	Database version: 16.9
	Autocommit mode: undefined/unknown
	Isolation level: undefined/unknown
	Minimum pool size: undefined/unknown
	Maximum pool size: undefined/unknown
2025-08-11T22:24:41.214+08:00  INFO 54163 --- [travelplanner] [    Test worker] org.hibernate.spatial                    : HHH80000003: hibernate-spatial adding type contributions from : org.hibernate.spatial.dialect.postgis.PostgisDialectContributor
2025-08-11T22:24:41.311+08:00  INFO 54163 --- [travelplanner] [    Test worker] o.s.o.j.p.SpringPersistenceUnitInfo      : No LoadTimeWeaver setup: ignoring JPA class transformer
2025-08-11T22:24:41.323+08:00  INFO 54163 --- [travelplanner] [    Test worker] org.hibernate.spatial                    : HHH80000003: hibernate-spatial adding type contributions from : org.hibernate.spatial.dialect.postgis.PostgisDialectContributor
2025-08-11T22:24:41.562+08:00  INFO 54163 --- [travelplanner] [    Test worker] org.hibernate.spatial                    : HHH80000004: hibernate-spatial adding function contributions from : org.hibernate.spatial.dialect.postgis.PostgisDialectContributor
2025-08-11T22:24:41.919+08:00  INFO 54163 --- [travelplanner] [    Test worker] o.h.e.t.j.p.i.JtaPlatformInitiator       : HHH000489: No JTA platform available (set 'hibernate.transaction.jta.platform' to enable JTA platform integration)
Hibernate: set client_min_messages = WARNING
Hibernate: alter table if exists itinerary_pois drop constraint if exists FK4fh6baitn966a0toke1uc7c8s
Hibernate: drop table if exists itineraries cascade
Hibernate: drop table if exists itinerary_pois cascade
Hibernate: create table itineraries (days integer not null, created_at timestamp(6) with time zone not null, id uuid not null, city varchar(255) not null, primary key (id))
Hibernate: create table itinerary_pois (lat float(53) not null, lng float(53) not null, sequence integer not null, id uuid not null, itinerary_id uuid not null, name varchar(255) not null, primary key (id))
Hibernate: alter table if exists itinerary_pois add constraint FK4fh6baitn966a0toke1uc7c8s foreign key (itinerary_id) references itineraries
2025-08-11T22:24:41.954+08:00  INFO 54163 --- [travelplanner] [    Test worker] j.LocalContainerEntityManagerFactoryBean : Initialized JPA EntityManagerFactory for persistence unit 'default'
2025-08-11T22:24:42.090+08:00  INFO 54163 --- [travelplanner] [    Test worker] o.s.d.j.r.query.QueryEnhancerFactory     : Hibernate is in classpath; If applicable, HQL parser will be used.
2025-08-11T22:24:42.535+08:00  WARN 54163 --- [travelplanner] [    Test worker] JpaBaseConfiguration$JpaWebConfiguration : spring.jpa.open-in-view is enabled by default. Therefore, database queries may be performed during view rendering. Explicitly configure spring.jpa.open-in-view to disable this warning
2025-08-11T22:24:42.811+08:00  WARN 54163 --- [travelplanner] [    Test worker] .s.s.UserDetailsServiceAutoConfiguration : 

Using generated security password: 1e028818-c100-40d9-bfd8-b5636c74c792

This generated password is for development use only. Your security configuration must be updated before running your application in production.

2025-08-11T22:24:42.815+08:00  INFO 54163 --- [travelplanner] [    Test worker] r$InitializeUserDetailsManagerConfigurer : Global AuthenticationManager configured with UserDetailsService bean with name inMemoryUserDetailsManager
2025-08-11T22:24:42.889+08:00  INFO 54163 --- [travelplanner] [    Test worker] o.s.b.t.m.w.SpringBootMockServletContext : Initializing Spring TestDispatcherServlet ''
2025-08-11T22:24:42.890+08:00  INFO 54163 --- [travelplanner] [    Test worker] o.s.t.web.servlet.TestDispatcherServlet  : Initializing Servlet ''
2025-08-11T22:24:42.890+08:00  INFO 54163 --- [travelplanner] [    Test worker] o.s.t.web.servlet.TestDispatcherServlet  : Completed initialization in 0 ms
2025-08-11T22:24:42.903+08:00  INFO 54163 --- [travelplanner] [    Test worker] c.l.t.ItineraryIntegrationTest           : Started ItineraryIntegrationTest in 2.683 seconds (process running for 3.34)
Hibernate: select i1_0.id,i1_0.city,i1_0.created_at,i1_0.days from itineraries i1_0
Hibernate: select i1_0.id,i1_0.city,i1_0.created_at,i1_0.days,p1_0.itinerary_id,p1_0.id,p1_0.lat,p1_0.lng,p1_0.name,p1_0.sequence from itineraries i1_0 left join itinerary_pois p1_0 on i1_0.id=p1_0.itinerary_id where i1_0.id=? order by p1_0.sequence
Hibernate: insert into itineraries (city,created_at,days,id) values (?,?,?,?)
Hibernate: insert into itinerary_pois (itinerary_id,lat,lng,name,sequence,id) values (?,?,?,?,?,?)
Hibernate: insert into itinerary_pois (itinerary_id,lat,lng,name,sequence,id) values (?,?,?,?,?,?)
Hibernate: select i1_0.id,i1_0.city,i1_0.created_at,i1_0.days,p1_0.itinerary_id,p1_0.id,p1_0.lat,p1_0.lng,p1_0.name,p1_0.sequence from itineraries i1_0 join itinerary_pois p1_0 on i1_0.id=p1_0.itinerary_id where i1_0.id=? order by p1_0.sequence
Hibernate: select i1_0.id,i1_0.city,i1_0.created_at,i1_0.days from itineraries i1_0
Hibernate: select p1_0.itinerary_id,p1_0.id,p1_0.lat,p1_0.lng,p1_0.name,p1_0.sequence from itinerary_pois p1_0 where p1_0.itinerary_id=? order by p1_0.sequence
Hibernate: delete from itinerary_pois where id=?
Hibernate: delete from itinerary_pois where id=?
Hibernate: delete from itineraries where id=?
Hibernate: select i1_0.id,i1_0.city,i1_0.created_at,i1_0.days,p1_0.itinerary_id,p1_0.id,p1_0.lat,p1_0.lng,p1_0.name,p1_0.sequence from itineraries i1_0 left join itinerary_pois p1_0 on i1_0.id=p1_0.itinerary_id where i1_0.id=? order by p1_0.sequence
Hibernate: insert into itineraries (city,created_at,days,id) values (?,?,?,?)
Hibernate: insert into itinerary_pois (itinerary_id,lat,lng,name,sequence,id) values (?,?,?,?,?,?)
Hibernate: insert into itinerary_pois (itinerary_id,lat,lng,name,sequence,id) values (?,?,?,?,?,?)
Hibernate: select i1_0.id,i1_0.city,i1_0.created_at,i1_0.days,p1_0.itinerary_id,p1_0.id,p1_0.lat,p1_0.lng,p1_0.name,p1_0.sequence from itineraries i1_0 join itinerary_pois p1_0 on i1_0.id=p1_0.itinerary_id where i1_0.id=? order by p1_0.sequence
]]></system-out>
  <system-err><![CDATA[Mockito is currently self-attaching to enable the inline-mock-maker. This will no longer work in future releases of the JDK. Please add Mockito as an agent to your build as described in Mockito's documentation: https://javadoc.io/doc/org.mockito/mockito-core/latest/org.mockito/org/mockito/Mockito.html#0.3
WARNING: A Java agent has been loaded dynamically (/Users/leohuang/.gradle/caches/modules-2/files-2.1/net.bytebuddy/byte-buddy-agent/1.17.5/58f9507f5f28d1d3e7adfb4ec2fe37c29d332c9b/byte-buddy-agent-1.17.5.jar)
WARNING: If a serviceability tool is in use, please run with -XX:+EnableDynamicAgentLoading to hide this warning
WARNING: If a serviceability tool is not in use, please run with -Djdk.instrument.traceUsage for more information
WARNING: Dynamic loading of agents will be disallowed by default in a future release
]]></system-err>
</testsuite>
